<?xml version="1.0" encoding="UTF-8"?>
<!-- Generated by org.testng.reporters.JUnitReportReporter -->
<testsuite hostname="INBook_X1" failures="0" tests="2" name="test.MirrawTesting" time="37.082" errors="0" timestamp="2024-02-13T12:01:36 IST" skipped="1">
  <testcase classname="test.MirrawTesting" name="logintest" time="37.082"/>
  <system-out/>
  <testcase classname="test.MirrawTesting" name="signuptest">
    <skipped/>
  </testcase> <!-- signuptest -->
  <system-out/>
</testsuite> <!-- test.MirrawTesting -->
